[Shaders] ShadersMod version: 2.4.12
[Shaders] OpenGL Version: 4.5.0 - Build 23.20.16.5018
[Shaders] Vendor:  Intel
[Shaders] Renderer: Intel(R) HD Graphics 520
[Shaders] Capabilities:  2.0  2.1  3.0  3.2  4.0 
[Shaders] GL_MAX_DRAW_BUFFERS: 8
[Shaders] GL_MAX_COLOR_ATTACHMENTS_EXT: 8
[Shaders] GL_MAX_TEXTURE_IMAGE_UNITS: 32
[Shaders] Load ShadersMod configuration.
[Shaders] Loaded shaderpack: SEUS-v10.1-±ê×¼.zip
[Shaders] allocateTextureMap 4 16 16 
[Shaders] allocateTextureMap 4 2048 2048 
[Shaders] Program loaded: gbuffers_basic
[Shaders] Program loaded: gbuffers_textured
[Shaders][SEVERE] Error linking program: 12
[Shaders] Info log: /shaders/gbuffers_textured_lit.vsh, /shaders/gbuffers_textured_lit.fsh
The  shader uses varying distance, but previous shader does not write to it.
Out of resource error.


[Shaders][SEVERE] [Shaders] Error: Invalid program "gbuffers_textured_lit"
[Shaders] Program loaded: gbuffers_skybasic
[Shaders] Program loaded: gbuffers_skytextured
[Shaders] Program loaded: gbuffers_terrain
[Shaders] Program loaded: gbuffers_water
[Shaders] Program loaded: gbuffers_entities
[Shaders] Program loaded: gbuffers_hand
[Shaders] Program loaded: gbuffers_weather
[Shaders] Shadow map resolution: 1024
[Shaders] Shadow map distance: 180.0f
[Shaders] Shadow map interval size: 4.0f
[Shaders] Hardware shadow filtering enabled.
[Shaders] gcolor format: RGB16
[Shaders] gdepth format: RGB8
[Shaders] gnormal format: RGB16
[Shaders] composite format: RGB8
[Shaders] Eye brightness halflife: 10.0f
[Shaders] Center depth halflife: 2.0f
[Shaders] Wetness halflife: 100.0f
[Shaders] Dryness halflife: 40.0f
[Shaders] Sun path rotation: -40.0f
[Shaders] AO Level: 0.5f
[Shaders] Noise texture enabled
[Shaders] Noise texture resolution: 64
[Shaders] Program loaded: composite
[Shaders] gcolor mipmap enabled for /shaders/composite1.fsh
[Shaders] composite mipmap enabled for /shaders/composite1.fsh
[Shaders] Program loaded: composite1
[Shaders] gnormal mipmap enabled for /shaders/composite2.fsh
[Shaders] Program loaded: composite2
[Shaders] Program loaded: final
[Shaders] Program loaded: shadow
[Shaders] usedColorBuffers: 4
[Shaders] usedDepthBuffers: 1
[Shaders] usedShadowColorBuffers: 0
[Shaders] usedShadowDepthBuffers: 1
[Shaders] usedColorAttachs: 4
[Shaders] usedDrawBuffers: 4
[Shaders] Framebuffer created.
[Shaders] Shadow framebuffer created.
[Shaders] Reset world renderers
[Shaders] Reset model renderers
[Shaders] Framebuffer created.
