[21:22:35] [Server thread/INFO]: Starting minecraft server version 1.10.2
[21:22:35] [Server thread/INFO]: Loading properties
[21:22:35] [Server thread/INFO]: Default game type: SURVIVAL
[21:22:35] [Server thread/INFO]: Generating keypair
[21:22:36] [Server thread/INFO]: Starting Minecraft server on *:25565
[21:22:36] [Server thread/INFO]: Using default channel type
[21:22:36] [Server thread/WARN]: **** SERVER IS RUNNING IN OFFLINE/INSECURE MODE!
[21:22:36] [Server thread/WARN]: The server will make no attempt to authenticate usernames. Beware.
[21:22:36] [Server thread/WARN]: While this makes the game possible to play without internet access, it also opens up the ability for hackers to connect with any username they choose.
[21:22:36] [Server thread/WARN]: To change this, set "online-mode" to "true" in the server.properties file.
[21:22:36] [Server thread/INFO]: Preparing level "world"
[21:22:36] [Server thread/INFO]: Preparing start region for level 0
[21:22:37] [Server thread/WARN]: Skipping Piece with id Forestry:BeeHouse
[21:22:37] [Server thread/WARN]: Skipping Piece with id Forestry:BeeHouse
[21:22:37] [Server thread/WARN]: Skipping Piece with id Forestry:BeeHouse
[21:22:37] [Server thread/WARN]: Skipping Piece with id Forestry:BeeHouse
[21:22:37] [Server thread/INFO]: Preparing spawn area: 0%
[21:22:37] [Server thread/WARN]: Skipping Entity with id IC2.BoatCarbon
[21:22:38] [Server thread/WARN]: Skipping Entity with id realdrops.item_loot
[21:22:38] [Server thread/WARN]: Skipping Entity with id IC2.BoatElectric
[21:22:38] [Server thread/WARN]: Skipping Entity with id IC2.BoatElectric
[21:22:38] [Server thread/WARN]: Skipping Entity with id realdrops.item_loot
[21:22:38] [Server thread/WARN]: Skipping BlockEntity with id forestry.still
[21:22:38] [Server thread/WARN]: Skipping Entity with id realdrops.item_loot
[21:22:38] [Server thread/WARN]: Skipping Entity with id realdrops.item_loot
[21:22:38] [Server thread/WARN]: Skipping Entity with id realdrops.item_loot
[21:22:38] [Server thread/WARN]: Skipping Entity with id realdrops.item_loot
[21:22:38] [Server thread/WARN]: Skipping Entity with id realdrops.item_loot
[21:22:38] [Server thread/WARN]: Keeping entity Zombie that already exists with UUID f10f8305-b9c2-8526-d863-426a50ba4964
[21:22:38] [Server thread/WARN]: Skipping BlockEntity with id forestry.carpenter
[21:22:38] [Server thread/WARN]: Skipping BlockEntity with id quantumChest
[21:22:38] [Server thread/WARN]: Skipping BlockEntity with id forestry.Leaves
[21:22:38] [Server thread/WARN]: Skipping BlockEntity with id forestry.Leaves
[21:22:38] [Server thread/WARN]: Skipping BlockEntity with id forestry.Leaves
[21:22:38] [Server thread/WARN]: Skipping BlockEntity with id forestry.Leaves
[21:22:38] [Server thread/WARN]: Skipping BlockEntity with id forestry.Leaves
[21:22:38] [Server thread/WARN]: Skipping BlockEntity with id forestry.Leaves
[21:22:38] [Server thread/WARN]: Skipping BlockEntity with id forestry.Leaves
[21:22:38] [Server thread/WARN]: Skipping BlockEntity with id forestry.Leaves
[21:22:38] [Server thread/WARN]: Skipping BlockEntity with id forestry.Leaves
[21:22:38] [Server thread/WARN]: Skipping BlockEntity with id forestry.Leaves
[21:22:38] [Server thread/WARN]: Skipping BlockEntity with id forestry.Leaves
[21:22:38] [Server thread/WARN]: Skipping BlockEntity with id forestry.Leaves
[21:22:38] [Server thread/WARN]: Skipping BlockEntity with id forestry.Leaves
[21:22:38] [Server thread/WARN]: Skipping BlockEntity with id forestry.Leaves
[21:22:38] [Server thread/WARN]: Skipping BlockEntity with id forestry.Leaves
[21:22:38] [Server thread/WARN]: Skipping BlockEntity with id forestry.Leaves
[21:22:38] [Server thread/WARN]: Skipping BlockEntity with id forestry.Leaves
[21:22:38] [Server thread/WARN]: Skipping BlockEntity with id forestry.Leaves
[21:22:38] [Server thread/WARN]: Skipping BlockEntity with id forestry.Leaves
[21:22:38] [Server thread/WARN]: Skipping BlockEntity with id forestry.Leaves
[21:22:38] [Server thread/WARN]: Skipping BlockEntity with id forestry.Leaves
[21:22:38] [Server thread/WARN]: Skipping BlockEntity with id forestry.Leaves
[21:22:38] [Server thread/WARN]: Skipping BlockEntity with id forestry.Leaves
[21:22:38] [Server thread/WARN]: Skipping BlockEntity with id forestry.Leaves
[21:22:38] [Server thread/WARN]: Skipping BlockEntity with id forestry.Leaves
[21:22:38] [Server thread/WARN]: Skipping BlockEntity with id forestry.Leaves
[21:22:38] [Server thread/WARN]: Skipping BlockEntity with id forestry.Leaves
[21:22:38] [Server thread/WARN]: Skipping BlockEntity with id forestry.Leaves
[21:22:38] [Server thread/WARN]: Skipping BlockEntity with id forestry.Leaves
[21:22:38] [Server thread/WARN]: Skipping BlockEntity with id forestry.Leaves
[21:22:38] [Server thread/WARN]: Skipping BlockEntity with id forestry.Leaves
[21:22:38] [Server thread/WARN]: Skipping BlockEntity with id forestry.Leaves
[21:22:38] [Server thread/WARN]: Skipping BlockEntity with id forestry.Leaves
[21:22:38] [Server thread/WARN]: Skipping BlockEntity with id forestry.Leaves
[21:22:38] [Server thread/WARN]: Skipping BlockEntity with id forestry.Leaves
[21:22:38] [Server thread/WARN]: Skipping BlockEntity with id forestry.Leaves
[21:22:38] [Server thread/WARN]: Skipping BlockEntity with id forestry.Leaves
[21:22:38] [Server thread/WARN]: Skipping BlockEntity with id forestry.Leaves
[21:22:38] [Server thread/WARN]: Skipping BlockEntity with id forestry.Leaves
[21:22:38] [Server thread/WARN]: Skipping BlockEntity with id forestry.Leaves
[21:22:38] [Server thread/WARN]: Skipping BlockEntity with id forestry.Leaves
[21:22:38] [Server thread/WARN]: Skipping BlockEntity with id forestry.Leaves
[21:22:38] [Server thread/WARN]: Skipping BlockEntity with id forestry.Leaves
[21:22:38] [Server thread/WARN]: Skipping BlockEntity with id forestry.Leaves
[21:22:38] [Server thread/WARN]: Skipping BlockEntity with id forestry.Leaves
[21:22:38] [Server thread/WARN]: Skipping BlockEntity with id forestry.Leaves
[21:22:38] [Server thread/WARN]: Skipping BlockEntity with id forestry.Leaves
[21:22:38] [Server thread/WARN]: Skipping BlockEntity with id forestry.Leaves
[21:22:38] [Server thread/WARN]: Skipping BlockEntity with id forestry.Leaves
[21:22:38] [Server thread/WARN]: Skipping BlockEntity with id forestry.Leaves
[21:22:38] [Server thread/WARN]: Skipping BlockEntity with id forestry.Leaves
[21:22:38] [Server thread/WARN]: Skipping BlockEntity with id forestry.Leaves
[21:22:38] [Server thread/WARN]: Skipping BlockEntity with id forestry.Leaves
[21:22:38] [Server thread/WARN]: Skipping BlockEntity with id forestry.Leaves
[21:22:38] [Server thread/WARN]: Skipping BlockEntity with id forestry.Leaves
[21:22:38] [Server thread/WARN]: Skipping BlockEntity with id forestry.Leaves
[21:22:38] [Server thread/WARN]: Skipping BlockEntity with id forestry.Leaves
[21:22:38] [Server thread/WARN]: Skipping BlockEntity with id forestry.Leaves
[21:22:38] [Server thread/WARN]: Skipping BlockEntity with id forestry.Leaves
[21:22:38] [Server thread/WARN]: Skipping BlockEntity with id forestry.Leaves
[21:22:38] [Server thread/WARN]: Skipping BlockEntity with id forestry.Leaves
[21:22:38] [Server thread/WARN]: Skipping BlockEntity with id forestry.Leaves
[21:22:38] [Server thread/INFO]: Preparing spawn area: 40%
[21:22:38] [Server thread/WARN]: Skipping Entity with id realdrops.item_loot
[21:22:38] [Server thread/WARN]: Skipping Entity with id realdrops.item_loot
[21:22:39] [Server thread/WARN]: Skipping Entity with id realdrops.item_loot
[21:22:39] [Server thread/WARN]: Skipping Entity with id realdrops.item_loot
[21:22:39] [Server thread/WARN]: Skipping Entity with id realdrops.item_loot
[21:22:39] [Server thread/WARN]: Skipping Entity with id realdrops.item_loot
[21:22:39] [Server thread/WARN]: Skipping Entity with id realdrops.item_loot
[21:22:39] [Server thread/WARN]: Skipping Entity with id realdrops.item_loot
[21:22:39] [Server thread/WARN]: Skipping Entity with id realdrops.item_loot
[21:22:39] [Server thread/WARN]: Skipping Entity with id realdrops.item_loot
[21:22:39] [Server thread/WARN]: Skipping Entity with id realdrops.item_loot
[21:22:39] [Server thread/WARN]: Skipping Entity with id realdrops.item_loot
[21:22:39] [Server thread/WARN]: Skipping Entity with id realdrops.item_loot
[21:22:39] [Server thread/WARN]: Skipping Entity with id realdrops.item_loot
[21:22:39] [Server thread/WARN]: Skipping Entity with id realdrops.item_loot
[21:22:39] [Server thread/INFO]: Done (3.353s)! For help, type "help" or "?"
[21:25:02] [Server thread/WARN]: Invalid statistic in .\world\stats\da6b80ee-e96e-3caa-8434-9fce5b5c1a1d.json: Don't know what stat.drop.mfs.FlightInstrument is
[21:25:02] [Server thread/WARN]: Invalid statistic in .\world\stats\da6b80ee-e96e-3caa-8434-9fce5b5c1a1d.json: Don't know what stat.craftItem.minecraft.obsidian is
[21:25:02] [Server thread/WARN]: Invalid statistic in .\world\stats\da6b80ee-e96e-3caa-8434-9fce5b5c1a1d.json: Don't know what stat.pickup.mfs.FlightInstrument is
[21:25:02] [Server thread/WARN]: Invalid statistic in .\world\stats\da6b80ee-e96e-3caa-8434-9fce5b5c1a1d.json: Don't know what stat.craftItem.minecraft.log is
[21:25:02] [Server thread/INFO]: sillin[/127.0.0.1:5568] logged in with entity id 266 at (-58.7913691825687, 84.0625, -181.95994991892402)
[21:25:02] [Server thread/INFO]: sillin joined the game
[21:25:06] [Server thread/WARN]: Can't keep up! Did the system time change, or is the server overloaded? Running 4078ms behind, skipping 81 tick(s)
[21:25:39] [Server thread/WARN]: Can't keep up! Did the system time change, or is the server overloaded? Running 4476ms behind, skipping 89 tick(s)
[21:25:59] [Server thread/WARN]: Can't keep up! Did the system time change, or is the server overloaded? Running 2339ms behind, skipping 46 tick(s)
[21:26:01] [Server thread/WARN]: sillin moved too quickly! 10.510339998854427,0.0,-0.4499150681575941
[21:26:21] [Server thread/WARN]: sillin moved too quickly! 2.2353171248438315,0.0,10.081858074324202
[21:26:22] [Server thread/WARN]: Can't keep up! Did the system time change, or is the server overloaded? Running 3200ms behind, skipping 64 tick(s)
[21:26:24] [Server thread/WARN]: sillin moved too quickly! 0.05034621914004589,0.0,10.349321133328274
[21:26:37] [Server thread/WARN]: sillin moved too quickly! 10.320840301528506,0.0,1.8004550685407352
[21:26:42] [Server thread/WARN]: Can't keep up! Did the system time change, or is the server overloaded? Running 4253ms behind, skipping 85 tick(s)
[21:26:45] [Server thread/WARN]: sillin moved too quickly! 0.48489818923974326,-6.374559529491663,8.46011406994605
[21:27:03] [Server thread/INFO]: sillin lost connection: TextComponent{text='Disconnected', siblings=[], style=Style{hasParent=false, color=null, bold=null, italic=null, underlined=null, obfuscated=null, clickEvent=null, hoverEvent=null, insertion=null}}
[21:27:03] [Server thread/INFO]: sillin left the game
[21:30:06] [Server thread/INFO]: Stopping the server
[21:30:06] [Server thread/INFO]: Stopping server
[21:30:06] [Server thread/INFO]: Saving players
[21:30:06] [Server thread/INFO]: Saving worlds
[21:30:06] [Server thread/INFO]: Saving chunks for level 'world'/Overworld
[21:30:06] [Server thread/INFO]: Saving chunks for level 'world'/Nether
[21:30:06] [Server thread/INFO]: Saving chunks for level 'world'/The End
[21:30:06] [Server Shutdown Thread/INFO]: Stopping server
